2026-03-13 07:06:19,736 | INFO | text_analyzer | Aplicación iniciada
2026-03-13 07:06:20,229 | INFO | text_analyzer | GUI iniciada
2026-03-13 07:06:34,407 | INFO | text_analyzer | Usuario ejecutó análisis de palabra
2026-03-13 07:06:34,418 | WARNING | text_analyzer | Intento de análisis de palabra vacío
2026-03-13 07:06:50,761 | INFO | text_analyzer | Usuario ejecutó análisis de palabra
2026-03-13 07:06:50,772 | WARNING | text_analyzer | Intento de análisis de palabra vacío
2026-03-13 07:07:14,889 | INFO | text_analyzer | Usuario ejecutó análisis de palabra
2026-03-13 07:07:14,894 | WARNING | text_analyzer | Intento de análisis de palabra vacío
2026-03-13 07:13:50,601 | INFO | text_analyzer | Aplicación iniciada
2026-03-13 07:13:50,602 | INFO | text_analyzer | Análisis de texto ejecutado
2026-03-13 07:13:50,602 | ERROR | text_analyzer | Error al cargar archivo
2026-03-13 07:19:19,484 | INFO | text_analyzer | CLI iniciado
2026-03-13 07:19:29,211 | INFO | text_analyzer | CLI finalizado por el usuario
2026-03-13 07:19:30,595 | INFO | text_analyzer | Aplicación iniciada
2026-03-13 07:19:30,688 | INFO | text_analyzer | GUI iniciada
2026-03-13 07:22:19,814 | INFO | text_analyzer | CLI iniciado
2026-03-13 07:22:23,125 | INFO | text_analyzer | CLI: usuario inició análisis de texto
2026-03-13 07:22:51,934 | INFO | text_analyzer | CLI: análisis de texto completado
2026-03-13 07:22:55,739 | INFO | text_analyzer | CLI finalizado por el usuario
2026-03-13 07:22:57,939 | INFO | text_analyzer | Aplicación iniciada
2026-03-13 07:22:58,028 | INFO | text_analyzer | GUI iniciada
2026-03-13 07:23:05,413 | INFO | text_analyzer | Usuario ejecutó análisis de palabra
2026-03-13 07:23:05,417 | WARNING | text_analyzer | Intento de análisis de palabra vacío
2026-03-13 07:23:07,118 | INFO | text_analyzer | Usuario ejecutó análisis de palabra
2026-03-13 07:23:07,126 | WARNING | text_analyzer | Intento de análisis de palabra vacío
2026-03-13 07:32:02,704 | INFO | text_analyzer | CLI iniciado
2026-03-13 07:32:04,711 | INFO | text_analyzer | CLI: usuario inició análisis de texto
2026-03-13 07:32:13,113 | INFO | text_analyzer | CLI: análisis de texto completado
2026-03-13 07:32:16,422 | INFO | text_analyzer | CLI finalizado por el usuario
2026-03-13 07:32:34,533 | INFO | text_analyzer | Aplicación iniciada
2026-03-13 07:32:34,626 | INFO | text_analyzer | GUI iniciada
2026-03-13 07:32:37,603 | INFO | text_analyzer | Usuario ejecutó análisis de palabra
2026-03-13 07:58:01,335 | INFO | text_analyzer | CLI: usuario consultó historial
2026-03-13 07:58:01,346 | INFO | text_analyzer | CLI: usuario consultó historial
2026-03-13 07:58:01,356 | WARNING | text_analyzer | CLI: intento de exportar sin análisis previo
2026-03-13 07:58:01,368 | WARNING | text_analyzer | CLI: intento de exportar sin análisis previo
2026-03-13 07:58:01,376 | WARNING | text_analyzer | CLI: intento de exportar sin análisis previo
2026-03-13 07:58:01,383 | INFO | text_analyzer | CLI iniciado
2026-03-13 07:58:01,386 | INFO | text_analyzer | CLI: usuario inició análisis de texto
2026-03-13 07:58:01,909 | INFO | text_analyzer | CLI: análisis de texto completado
2026-03-13 07:58:01,910 | INFO | text_analyzer | CLI: análisis de palabra 'hola'
2026-03-13 07:58:01,919 | INFO | text_analyzer | CLI: análisis de palabra 'hola' completado
2026-03-13 07:58:01,920 | INFO | text_analyzer | CLI: usuario consultó historial
2026-03-13 07:58:01,924 | INFO | text_analyzer | CLI finalizado por el usuario
2026-03-13 07:58:02,391 | INFO | text_analyzer | GUI iniciada
2026-03-13 07:58:02,856 | INFO | text_analyzer | GUI iniciada
2026-03-13 07:58:02,989 | INFO | text_analyzer | GUI iniciada
2026-03-13 07:58:03,020 | INFO | text_analyzer | Usuario ejecutó análisis de palabra
2026-03-13 07:58:03,021 | WARNING | text_analyzer | Intento de análisis de palabra vacío
2026-03-13 07:58:03,116 | INFO | text_analyzer | GUI iniciada
2026-03-13 07:58:03,146 | INFO | text_analyzer | Usuario ejecutó análisis de palabra
2026-03-13 07:58:03,265 | INFO | text_analyzer | GUI iniciada
2026-03-13 07:58:03,347 | INFO | text_analyzer | Archivo cargado: C:\Users\angel\AppData\Local\Temp\pytest-of-angel\pytest-0\test_cargar_archivo0\test.txt
2026-03-13 07:58:03,463 | INFO | text_analyzer | GUI iniciada
2026-03-13 07:58:03,502 | INFO | text_analyzer | Resultados exportados a: C:\Users\angel\AppData\Local\Temp\pytest-of-angel\pytest-0\test_exportar0\export.txt
2026-03-13 07:58:03,623 | INFO | text_analyzer | GUI iniciada
2026-03-13 08:14:25,163 | INFO | text_analyzer | CLI: usuario consultó historial
2026-03-13 08:14:25,175 | INFO | text_analyzer | CLI: usuario consultó historial
2026-03-13 08:14:25,185 | WARNING | text_analyzer | CLI: intento de exportar sin análisis previo
2026-03-13 08:14:25,195 | WARNING | text_analyzer | CLI: intento de exportar sin análisis previo
2026-03-13 08:14:25,203 | WARNING | text_analyzer | CLI: intento de exportar sin análisis previo
2026-03-13 08:14:25,210 | INFO | text_analyzer | CLI iniciado
2026-03-13 08:14:25,213 | INFO | text_analyzer | CLI: usuario inició análisis de texto
2026-03-13 08:14:25,737 | INFO | text_analyzer | CLI: análisis de texto completado
2026-03-13 08:14:25,738 | INFO | text_analyzer | CLI: análisis de palabra 'hola'
2026-03-13 08:14:25,742 | INFO | text_analyzer | CLI: análisis de palabra 'hola' completado
2026-03-13 08:14:25,743 | INFO | text_analyzer | CLI: usuario consultó historial
2026-03-13 08:14:25,746 | INFO | text_analyzer | CLI finalizado por el usuario
2026-03-13 08:14:26,004 | INFO | text_analyzer | GUI iniciada
2026-03-13 08:14:26,442 | INFO | text_analyzer | GUI iniciada
2026-03-13 08:14:26,685 | INFO | text_analyzer | GUI iniciada
2026-03-13 08:14:26,714 | INFO | text_analyzer | Usuario ejecutó análisis de palabra
2026-03-13 08:14:26,813 | INFO | text_analyzer | GUI iniciada
2026-03-13 08:14:26,847 | INFO | text_analyzer | Archivo cargado: C:\Users\angel\AppData\Local\Temp\pytest-of-angel\pytest-1\test_cargar_archivo0\test.txt
2026-03-13 08:14:26,949 | INFO | text_analyzer | GUI iniciada
2026-03-13 08:14:26,984 | INFO | text_analyzer | Resultados exportados a: C:\Users\angel\AppData\Local\Temp\pytest-of-angel\pytest-1\test_exportar0\export.txt
2026-03-13 08:14:27,114 | INFO | text_analyzer | GUI iniciada
2026-03-13 08:15:07,627 | INFO | text_analyzer | CLI iniciado
2026-03-13 08:15:09,219 | WARNING | text_analyzer | CLI: intento de analizar palabra sin texto previo
2026-03-13 08:15:10,611 | WARNING | text_analyzer | CLI: intento de analizar palabra sin texto previo
2026-03-13 08:15:11,371 | INFO | text_analyzer | CLI: usuario inició análisis de texto
2026-03-13 08:15:13,543 | ERROR | text_analyzer | Error detectado: normalize_text() got an unexpected keyword argument 'case_sensitive'
Traceback (most recent call last):
  File "c:\Users\angel\OneDrive\Documentos\GitHub\Contador_Palabras_Texto\src\text_analyzer\interfaces\cli.py", line 186, in run_cli
    texto = analizar_texto()
  File "c:\Users\angel\OneDrive\Documentos\GitHub\Contador_Palabras_Texto\src\text_analyzer\interfaces\cli.py", line 59, in analizar_texto
    result = analyze_text(texto, config=config)
  File "c:\Users\angel\OneDrive\Documentos\GitHub\Contador_Palabras_Texto\src\text_analyzer\core\analyzer.py", line 72, in analyze_text
    normalized_text = normalize_text(text, case_sensitive=getattr(config, "case_sensitive", False))
TypeError: normalize_text() got an unexpected keyword argument 'case_sensitive'
2026-03-13 08:15:17,066 | INFO | text_analyzer | CLI: usuario inició análisis de texto
2026-03-13 08:15:20,476 | ERROR | text_analyzer | Error detectado: normalize_text() got an unexpected keyword argument 'case_sensitive'
Traceback (most recent call last):
  File "c:\Users\angel\OneDrive\Documentos\GitHub\Contador_Palabras_Texto\src\text_analyzer\interfaces\cli.py", line 186, in run_cli
    texto = analizar_texto()
  File "c:\Users\angel\OneDrive\Documentos\GitHub\Contador_Palabras_Texto\src\text_analyzer\interfaces\cli.py", line 59, in analizar_texto
    result = analyze_text(texto, config=config)
  File "c:\Users\angel\OneDrive\Documentos\GitHub\Contador_Palabras_Texto\src\text_analyzer\core\analyzer.py", line 72, in analyze_text
    normalized_text = normalize_text(text, case_sensitive=getattr(config, "case_sensitive", False))
TypeError: normalize_text() got an unexpected keyword argument 'case_sensitive'
2026-03-13 08:15:46,697 | INFO | text_analyzer | CLI finalizado por el usuario
2026-03-13 08:15:48,105 | INFO | text_analyzer | Aplicación iniciada
2026-03-13 08:15:48,190 | INFO | text_analyzer | GUI iniciada
2026-03-13 08:15:55,370 | INFO | text_analyzer | Usuario ejecutó análisis de palabra
2026-03-13 08:15:55,371 | WARNING | text_analyzer | Intento de análisis de palabra vacío
2026-03-13 08:18:13,616 | INFO | text_analyzer | CLI iniciado
2026-03-13 08:18:19,487 | INFO | text_analyzer | CLI: usuario inició análisis de texto
2026-03-13 08:18:21,799 | ERROR | text_analyzer | Error detectado: normalize_text() got an unexpected keyword argument 'case_sensitive'
Traceback (most recent call last):
  File "c:\Users\angel\OneDrive\Documentos\GitHub\Contador_Palabras_Texto\src\text_analyzer\interfaces\cli.py", line 186, in run_cli
    texto = analizar_texto()
  File "c:\Users\angel\OneDrive\Documentos\GitHub\Contador_Palabras_Texto\src\text_analyzer\interfaces\cli.py", line 59, in analizar_texto
    result = analyze_text(texto, config=config)
  File "c:\Users\angel\OneDrive\Documentos\GitHub\Contador_Palabras_Texto\src\text_analyzer\core\analyzer.py", line 72, in analyze_text
    normalized_text = normalize_text(text, case_sensitive=getattr(config, "case_sensitive", False))
TypeError: normalize_text() got an unexpected keyword argument 'case_sensitive'
2026-03-13 08:23:10,886 | INFO | text_analyzer | CLI finalizado por el usuario
2026-03-13 08:23:17,229 | INFO | text_analyzer | CLI iniciado
2026-03-13 08:23:23,125 | INFO | text_analyzer | CLI: usuario inició análisis de texto
2026-03-13 08:23:25,878 | ERROR | text_analyzer | Error detectado: normalize_text() got an unexpected keyword argument 'case_sensitive'
Traceback (most recent call last):
  File "c:\Users\angel\OneDrive\Documentos\GitHub\Contador_Palabras_Texto\src\text_analyzer\interfaces\cli.py", line 186, in run_cli
    texto = analizar_texto()
  File "c:\Users\angel\OneDrive\Documentos\GitHub\Contador_Palabras_Texto\src\text_analyzer\interfaces\cli.py", line 59, in analizar_texto
    result = analyze_text(texto, config=config)
  File "c:\Users\angel\OneDrive\Documentos\GitHub\Contador_Palabras_Texto\src\text_analyzer\core\analyzer.py", line 72, in analyze_text
    normalized_text = normalize_text(text, case_sensitive=getattr(config, "case_sensitive", False))
TypeError: normalize_text() got an unexpected keyword argument 'case_sensitive'
2026-03-13 08:26:44,601 | INFO | text_analyzer | CLI iniciado
2026-03-13 08:27:01,224 | WARNING | text_analyzer | CLI: intento de analizar palabra sin texto previo
2026-03-13 08:27:03,248 | WARNING | text_analyzer | CLI: intento de analizar palabra sin texto previo
2026-03-13 08:29:33,055 | WARNING | text_analyzer | CLI: intento de analizar palabra sin texto previo
2026-03-13 08:31:27,953 | INFO | text_analyzer | CLI finalizado por el usuario
2026-03-13 08:31:41,432 | INFO | text_analyzer | CLI iniciado
2026-03-13 08:31:44,248 | INFO | text_analyzer | CLI: usuario inició análisis de texto
2026-03-13 08:31:46,983 | INFO | text_analyzer | CLI: análisis de texto completado
2026-03-13 08:31:57,015 | INFO | text_analyzer | CLI: análisis de palabra 'que tal hombre'
2026-03-13 08:31:57,032 | INFO | text_analyzer | CLI: análisis de palabra 'que tal hombre' completado
2026-03-13 08:32:00,959 | INFO | text_analyzer | CLI: usuario consultó historial
2026-03-13 08:32:05,647 | INFO | text_analyzer | CLI finalizado por el usuario
2026-03-13 08:32:07,287 | INFO | text_analyzer | Aplicación iniciada
2026-03-13 08:32:07,380 | INFO | text_analyzer | GUI iniciada
2026-03-13 08:32:15,662 | INFO | text_analyzer | Usuario ejecutó análisis de palabra
2026-03-13 08:32:15,676 | WARNING | text_analyzer | Intento de análisis de palabra vacío
2026-03-13 08:40:37,745 | INFO | text_analyzer | CLI: usuario consultó historial
2026-03-13 08:40:37,758 | INFO | text_analyzer | CLI: usuario consultó historial
2026-03-13 08:40:37,767 | WARNING | text_analyzer | CLI: intento de exportar sin análisis previo
2026-03-13 08:40:37,779 | WARNING | text_analyzer | CLI: intento de exportar sin análisis previo
2026-03-13 08:40:37,787 | WARNING | text_analyzer | CLI: intento de exportar sin análisis previo
2026-03-13 08:40:37,794 | INFO | text_analyzer | CLI iniciado
2026-03-13 08:40:37,796 | INFO | text_analyzer | CLI: usuario inició análisis de texto
2026-03-13 08:40:38,320 | INFO | text_analyzer | CLI: análisis de texto completado
2026-03-13 08:40:38,321 | INFO | text_analyzer | CLI: análisis de palabra 'hola'
2026-03-13 08:40:38,324 | INFO | text_analyzer | CLI: análisis de palabra 'hola' completado
2026-03-13 08:40:38,326 | INFO | text_analyzer | CLI: usuario consultó historial
2026-03-13 08:40:38,329 | INFO | text_analyzer | CLI finalizado por el usuario
2026-03-13 08:40:38,519 | INFO | text_analyzer | GUI iniciada
2026-03-13 08:40:39,076 | INFO | text_analyzer | GUI iniciada
2026-03-13 08:40:39,109 | INFO | text_analyzer | Usuario ejecutó análisis de palabra
2026-03-13 08:40:39,110 | WARNING | text_analyzer | Intento de análisis de palabra vacío
2026-03-13 08:40:39,203 | INFO | text_analyzer | GUI iniciada
2026-03-13 08:40:39,231 | INFO | text_analyzer | Usuario ejecutó análisis de palabra
2026-03-13 08:40:39,332 | INFO | text_analyzer | GUI iniciada
2026-03-13 08:40:39,366 | INFO | text_analyzer | Archivo cargado: C:\Users\angel\AppData\Local\Temp\pytest-of-angel\pytest-2\test_cargar_archivo0\test.txt
2026-03-13 08:40:39,466 | INFO | text_analyzer | GUI iniciada
2026-03-13 08:40:39,497 | INFO | text_analyzer | Resultados exportados a: C:\Users\angel\AppData\Local\Temp\pytest-of-angel\pytest-2\test_exportar0\export.txt
2026-03-13 08:40:39,596 | INFO | text_analyzer | GUI iniciada
2026-03-13 08:44:24,898 | INFO | text_analyzer | CLI: usuario consultó historial
2026-03-13 08:44:24,911 | INFO | text_analyzer | CLI: usuario consultó historial
2026-03-13 08:44:24,920 | WARNING | text_analyzer | CLI: intento de exportar sin análisis previo
2026-03-13 08:44:24,931 | WARNING | text_analyzer | CLI: intento de exportar sin análisis previo
2026-03-13 08:44:24,939 | WARNING | text_analyzer | CLI: intento de exportar sin análisis previo
2026-03-13 08:44:24,947 | INFO | text_analyzer | CLI iniciado
2026-03-13 08:44:24,949 | INFO | text_analyzer | CLI: usuario inició análisis de texto
2026-03-13 08:44:25,471 | INFO | text_analyzer | CLI: análisis de texto completado
2026-03-13 08:44:25,473 | INFO | text_analyzer | CLI: análisis de palabra 'hola'
2026-03-13 08:44:25,476 | INFO | text_analyzer | CLI: análisis de palabra 'hola' completado
2026-03-13 08:44:25,477 | INFO | text_analyzer | CLI: usuario consultó historial
2026-03-13 08:44:25,481 | INFO | text_analyzer | CLI finalizado por el usuario
2026-03-13 08:44:25,664 | INFO | text_analyzer | GUI iniciada
2026-03-13 08:44:26,111 | INFO | text_analyzer | GUI iniciada
2026-03-13 08:44:26,233 | INFO | text_analyzer | GUI iniciada
2026-03-13 08:44:26,265 | INFO | text_analyzer | Usuario ejecutó análisis de palabra
2026-03-13 08:44:26,266 | WARNING | text_analyzer | Intento de análisis de palabra vacío
2026-03-13 08:44:26,356 | INFO | text_analyzer | GUI iniciada
2026-03-13 08:44:26,395 | INFO | text_analyzer | Usuario ejecutó análisis de palabra
2026-03-13 08:44:26,490 | INFO | text_analyzer | GUI iniciada
2026-03-13 08:44:26,526 | INFO | text_analyzer | Archivo cargado: C:\Users\angel\AppData\Local\Temp\pytest-of-angel\pytest-3\test_cargar_archivo0\test.txt
2026-03-13 08:44:26,620 | INFO | text_analyzer | GUI iniciada
2026-03-13 08:44:26,651 | INFO | text_analyzer | Resultados exportados a: C:\Users\angel\AppData\Local\Temp\pytest-of-angel\pytest-3\test_exportar0\export.txt
2026-03-13 08:44:26,751 | INFO | text_analyzer | GUI iniciada
2026-03-13 08:46:40,769 | INFO | text_analyzer | CLI: usuario consultó historial
2026-03-13 08:46:40,784 | INFO | text_analyzer | CLI: usuario consultó historial
2026-03-13 08:46:40,793 | WARNING | text_analyzer | CLI: intento de exportar sin análisis previo
2026-03-13 08:46:40,804 | WARNING | text_analyzer | CLI: intento de exportar sin análisis previo
2026-03-13 08:46:40,814 | WARNING | text_analyzer | CLI: intento de exportar sin análisis previo
2026-03-13 08:46:40,822 | INFO | text_analyzer | CLI iniciado
2026-03-13 08:46:40,825 | INFO | text_analyzer | CLI: usuario inició análisis de texto
2026-03-13 08:46:41,350 | INFO | text_analyzer | CLI: análisis de texto completado
2026-03-13 08:46:41,351 | INFO | text_analyzer | CLI: análisis de palabra 'hola'
2026-03-13 08:46:41,355 | INFO | text_analyzer | CLI: análisis de palabra 'hola' completado
2026-03-13 08:46:41,357 | INFO | text_analyzer | CLI: usuario consultó historial
2026-03-13 08:46:41,360 | INFO | text_analyzer | CLI finalizado por el usuario
2026-03-13 08:46:41,567 | INFO | text_analyzer | GUI iniciada
2026-03-13 08:46:42,025 | INFO | text_analyzer | GUI iniciada
2026-03-13 08:46:42,300 | INFO | text_analyzer | GUI iniciada
2026-03-13 08:46:42,330 | INFO | text_analyzer | Usuario ejecutó análisis de palabra
2026-03-13 08:46:42,443 | INFO | text_analyzer | GUI iniciada
2026-03-13 08:46:42,477 | INFO | text_analyzer | Archivo cargado: C:\Users\angel\AppData\Local\Temp\pytest-of-angel\pytest-4\test_cargar_archivo0\test.txt
2026-03-13 08:46:42,576 | INFO | text_analyzer | GUI iniciada
2026-03-13 08:46:42,608 | INFO | text_analyzer | Resultados exportados a: C:\Users\angel\AppData\Local\Temp\pytest-of-angel\pytest-4\test_exportar0\export.txt
2026-03-13 08:46:42,712 | INFO | text_analyzer | GUI iniciada
2026-03-13 08:47:12,837 | INFO | text_analyzer | CLI: usuario consultó historial
2026-03-13 08:47:12,848 | INFO | text_analyzer | CLI: usuario consultó historial
2026-03-13 08:47:12,856 | WARNING | text_analyzer | CLI: intento de exportar sin análisis previo
2026-03-13 08:47:12,865 | WARNING | text_analyzer | CLI: intento de exportar sin análisis previo
2026-03-13 08:47:12,873 | WARNING | text_analyzer | CLI: intento de exportar sin análisis previo
2026-03-13 08:47:12,880 | INFO | text_analyzer | CLI iniciado
2026-03-13 08:47:12,882 | INFO | text_analyzer | CLI: usuario inició análisis de texto
2026-03-13 08:47:13,408 | INFO | text_analyzer | CLI: análisis de texto completado
2026-03-13 08:47:13,410 | INFO | text_analyzer | CLI: análisis de palabra 'hola'
2026-03-13 08:47:13,414 | INFO | text_analyzer | CLI: análisis de palabra 'hola' completado
2026-03-13 08:47:13,416 | INFO | text_analyzer | CLI: usuario consultó historial
2026-03-13 08:47:13,419 | INFO | text_analyzer | CLI finalizado por el usuario
2026-03-13 08:47:13,604 | INFO | text_analyzer | GUI iniciada
2026-03-13 08:47:14,024 | INFO | text_analyzer | GUI iniciada
2026-03-13 08:47:14,147 | INFO | text_analyzer | GUI iniciada
2026-03-13 08:47:14,178 | INFO | text_analyzer | Usuario ejecutó análisis de palabra
2026-03-13 08:47:14,179 | WARNING | text_analyzer | Intento de análisis de palabra vacío
2026-03-13 08:47:14,273 | INFO | text_analyzer | GUI iniciada
2026-03-13 08:47:14,301 | INFO | text_analyzer | Usuario ejecutó análisis de palabra
2026-03-13 08:47:14,397 | INFO | text_analyzer | GUI iniciada
2026-03-13 08:47:14,430 | INFO | text_analyzer | Archivo cargado: C:\Users\angel\AppData\Local\Temp\pytest-of-angel\pytest-5\test_cargar_archivo0\test.txt
2026-03-13 08:47:14,523 | INFO | text_analyzer | GUI iniciada
2026-03-13 08:47:14,554 | INFO | text_analyzer | Resultados exportados a: C:\Users\angel\AppData\Local\Temp\pytest-of-angel\pytest-5\test_exportar0\export.txt
2026-03-13 08:47:14,651 | INFO | text_analyzer | GUI iniciada
2026-03-13 08:47:57,631 | INFO | text_analyzer | CLI: usuario consultó historial
2026-03-13 08:47:57,643 | INFO | text_analyzer | CLI: usuario consultó historial
2026-03-13 08:47:57,651 | WARNING | text_analyzer | CLI: intento de exportar sin análisis previo
2026-03-13 08:47:57,661 | WARNING | text_analyzer | CLI: intento de exportar sin análisis previo
2026-03-13 08:47:57,669 | WARNING | text_analyzer | CLI: intento de exportar sin análisis previo
2026-03-13 08:47:57,677 | INFO | text_analyzer | CLI iniciado
2026-03-13 08:47:57,679 | INFO | text_analyzer | CLI: usuario inició análisis de texto
2026-03-13 08:47:58,203 | INFO | text_analyzer | CLI: análisis de texto completado
2026-03-13 08:47:58,204 | INFO | text_analyzer | CLI: análisis de palabra 'hola'
2026-03-13 08:47:58,208 | INFO | text_analyzer | CLI: análisis de palabra 'hola' completado
2026-03-13 08:47:58,209 | INFO | text_analyzer | CLI: usuario consultó historial
2026-03-13 08:47:58,212 | INFO | text_analyzer | CLI finalizado por el usuario
2026-03-13 08:47:58,392 | INFO | text_analyzer | GUI iniciada
2026-03-13 08:47:58,814 | INFO | text_analyzer | GUI iniciada
2026-03-13 08:47:58,945 | INFO | text_analyzer | GUI iniciada
2026-03-13 08:47:58,976 | INFO | text_analyzer | Usuario ejecutó análisis de palabra
2026-03-13 08:47:58,977 | WARNING | text_analyzer | Intento de análisis de palabra vacío
2026-03-13 08:47:59,071 | INFO | text_analyzer | GUI iniciada
2026-03-13 08:47:59,102 | INFO | text_analyzer | Usuario ejecutó análisis de palabra
2026-03-13 08:47:59,200 | INFO | text_analyzer | GUI iniciada
2026-03-13 08:47:59,236 | INFO | text_analyzer | Archivo cargado: C:\Users\angel\AppData\Local\Temp\pytest-of-angel\pytest-6\test_cargar_archivo0\test.txt
2026-03-13 08:47:59,331 | INFO | text_analyzer | GUI iniciada
2026-03-13 08:47:59,363 | INFO | text_analyzer | Resultados exportados a: C:\Users\angel\AppData\Local\Temp\pytest-of-angel\pytest-6\test_exportar0\export.txt
2026-03-13 08:47:59,464 | INFO | text_analyzer | GUI iniciada
2026-03-13 08:52:56,529 | INFO | text_analyzer | CLI: usuario consultó historial
2026-03-13 08:52:56,540 | INFO | text_analyzer | CLI: usuario consultó historial
2026-03-13 08:52:56,550 | WARNING | text_analyzer | CLI: intento de exportar sin análisis previo
2026-03-13 08:52:56,561 | WARNING | text_analyzer | CLI: intento de exportar sin análisis previo
2026-03-13 08:52:56,569 | WARNING | text_analyzer | CLI: intento de exportar sin análisis previo
2026-03-13 08:52:56,576 | INFO | text_analyzer | CLI iniciado
2026-03-13 08:52:56,578 | INFO | text_analyzer | CLI: usuario inició análisis de texto
2026-03-13 08:52:57,101 | INFO | text_analyzer | CLI: análisis de texto completado
2026-03-13 08:52:57,103 | INFO | text_analyzer | CLI: análisis de palabra 'hola'
2026-03-13 08:52:57,106 | INFO | text_analyzer | CLI: análisis de palabra 'hola' completado
2026-03-13 08:52:57,107 | INFO | text_analyzer | CLI: usuario consultó historial
2026-03-13 08:52:57,111 | INFO | text_analyzer | CLI finalizado por el usuario
2026-03-13 08:52:57,308 | INFO | text_analyzer | GUI iniciada
2026-03-13 08:52:57,751 | INFO | text_analyzer | GUI iniciada
2026-03-13 08:52:57,886 | INFO | text_analyzer | GUI iniciada
2026-03-13 08:52:57,916 | INFO | text_analyzer | Usuario ejecutó análisis de palabra
2026-03-13 08:52:57,917 | WARNING | text_analyzer | Intento de análisis de palabra vacío
2026-03-13 08:52:58,009 | INFO | text_analyzer | GUI iniciada
2026-03-13 08:52:58,037 | INFO | text_analyzer | Usuario ejecutó análisis de palabra
2026-03-13 08:52:58,133 | INFO | text_analyzer | GUI iniciada
2026-03-13 08:52:58,166 | INFO | text_analyzer | Archivo cargado: C:\Users\angel\AppData\Local\Temp\pytest-of-angel\pytest-7\test_cargar_archivo0\test.txt
2026-03-13 08:52:58,258 | INFO | text_analyzer | GUI iniciada
2026-03-13 08:52:58,290 | INFO | text_analyzer | Resultados exportados a: C:\Users\angel\AppData\Local\Temp\pytest-of-angel\pytest-7\test_exportar0\export.txt
2026-03-13 08:52:58,397 | INFO | text_analyzer | GUI iniciada
2026-03-13 08:57:18,715 | INFO | text_analyzer | CLI: usuario consultó historial
2026-03-13 08:57:18,726 | INFO | text_analyzer | CLI: usuario consultó historial
2026-03-13 08:57:18,736 | WARNING | text_analyzer | CLI: intento de exportar sin análisis previo
2026-03-13 08:57:18,745 | WARNING | text_analyzer | CLI: intento de exportar sin análisis previo
2026-03-13 08:57:18,753 | WARNING | text_analyzer | CLI: intento de exportar sin análisis previo
2026-03-13 08:57:18,759 | INFO | text_analyzer | CLI iniciado
2026-03-13 08:57:18,762 | INFO | text_analyzer | CLI: usuario inició análisis de texto
2026-03-13 08:57:19,285 | INFO | text_analyzer | CLI: análisis de texto completado
2026-03-13 08:57:19,286 | INFO | text_analyzer | CLI: análisis de palabra 'hola'
2026-03-13 08:57:19,290 | INFO | text_analyzer | CLI: análisis de palabra 'hola' completado
2026-03-13 08:57:19,291 | INFO | text_analyzer | CLI: usuario consultó historial
2026-03-13 08:57:19,295 | INFO | text_analyzer | CLI finalizado por el usuario
2026-03-13 08:57:19,483 | INFO | text_analyzer | GUI iniciada
2026-03-13 08:57:20,032 | INFO | text_analyzer | GUI iniciada
2026-03-13 08:57:20,063 | INFO | text_analyzer | Usuario ejecutó análisis de palabra
2026-03-13 08:57:20,064 | WARNING | text_analyzer | Intento de análisis de palabra vacío
2026-03-13 08:57:20,161 | INFO | text_analyzer | GUI iniciada
2026-03-13 08:57:20,189 | INFO | text_analyzer | Usuario ejecutó análisis de palabra
2026-03-13 08:57:20,287 | INFO | text_analyzer | GUI iniciada
2026-03-13 08:57:20,322 | INFO | text_analyzer | Archivo cargado: C:\Users\angel\AppData\Local\Temp\pytest-of-angel\pytest-8\test_cargar_archivo0\test.txt
2026-03-13 08:57:20,420 | INFO | text_analyzer | GUI iniciada
2026-03-13 08:57:20,452 | INFO | text_analyzer | Resultados exportados a: C:\Users\angel\AppData\Local\Temp\pytest-of-angel\pytest-8\test_exportar0\export.txt
2026-03-13 08:57:20,550 | INFO | text_analyzer | GUI iniciada
2026-03-13 08:59:33,246 | INFO | text_analyzer | CLI: usuario consultó historial
2026-03-13 08:59:33,257 | INFO | text_analyzer | CLI: usuario consultó historial
2026-03-13 08:59:33,266 | WARNING | text_analyzer | CLI: intento de exportar sin análisis previo
2026-03-13 08:59:33,276 | WARNING | text_analyzer | CLI: intento de exportar sin análisis previo
2026-03-13 08:59:33,284 | WARNING | text_analyzer | CLI: intento de exportar sin análisis previo
2026-03-13 08:59:33,291 | INFO | text_analyzer | CLI iniciado
2026-03-13 08:59:33,293 | INFO | text_analyzer | CLI: usuario inició análisis de texto
2026-03-13 08:59:33,815 | INFO | text_analyzer | CLI: análisis de texto completado
2026-03-13 08:59:33,816 | INFO | text_analyzer | CLI: análisis de palabra 'hola'
2026-03-13 08:59:33,820 | INFO | text_analyzer | CLI: análisis de palabra 'hola' completado
2026-03-13 08:59:33,821 | INFO | text_analyzer | CLI: usuario consultó historial
2026-03-13 08:59:33,825 | INFO | text_analyzer | CLI finalizado por el usuario
2026-03-13 08:59:34,009 | INFO | text_analyzer | GUI iniciada
2026-03-13 08:59:34,473 | INFO | text_analyzer | GUI iniciada
2026-03-13 08:59:34,613 | INFO | text_analyzer | GUI iniciada
2026-03-13 08:59:34,644 | INFO | text_analyzer | Usuario ejecutó análisis de palabra
2026-03-13 08:59:34,645 | WARNING | text_analyzer | Intento de análisis de palabra vacío
2026-03-13 08:59:34,737 | INFO | text_analyzer | GUI iniciada
2026-03-13 08:59:34,765 | INFO | text_analyzer | Usuario ejecutó análisis de palabra
2026-03-13 08:59:34,871 | INFO | text_analyzer | GUI iniciada
2026-03-13 08:59:34,906 | INFO | text_analyzer | Archivo cargado: C:\Users\angel\AppData\Local\Temp\pytest-of-angel\pytest-9\test_cargar_archivo0\test.txt
2026-03-13 08:59:35,001 | INFO | text_analyzer | GUI iniciada
2026-03-13 08:59:35,034 | INFO | text_analyzer | Resultados exportados a: C:\Users\angel\AppData\Local\Temp\pytest-of-angel\pytest-9\test_exportar0\export.txt
2026-03-13 08:59:35,134 | INFO | text_analyzer | GUI iniciada
2026-03-13 09:03:06,794 | INFO | text_analyzer | CLI: usuario consultó historial
2026-03-13 09:03:06,806 | INFO | text_analyzer | CLI: usuario consultó historial
2026-03-13 09:03:06,814 | WARNING | text_analyzer | CLI: intento de exportar sin análisis previo
2026-03-13 09:03:06,823 | WARNING | text_analyzer | CLI: intento de exportar sin análisis previo
2026-03-13 09:03:06,831 | WARNING | text_analyzer | CLI: intento de exportar sin análisis previo
2026-03-13 09:03:06,838 | INFO | text_analyzer | CLI iniciado
2026-03-13 09:03:06,840 | INFO | text_analyzer | CLI: usuario inició análisis de texto
2026-03-13 09:03:07,367 | INFO | text_analyzer | CLI: análisis de texto completado
2026-03-13 09:03:07,368 | INFO | text_analyzer | CLI: análisis de palabra 'hola'
2026-03-13 09:03:07,372 | INFO | text_analyzer | CLI: análisis de palabra 'hola' completado
2026-03-13 09:03:07,373 | INFO | text_analyzer | CLI: usuario consultó historial
2026-03-13 09:03:07,376 | INFO | text_analyzer | CLI finalizado por el usuario
2026-03-13 09:03:07,560 | INFO | text_analyzer | GUI iniciada
2026-03-13 09:03:08,008 | INFO | text_analyzer | GUI iniciada
2026-03-13 09:03:08,148 | INFO | text_analyzer | GUI iniciada
2026-03-13 09:03:08,178 | INFO | text_analyzer | Usuario ejecutó análisis de palabra
2026-03-13 09:03:08,179 | WARNING | text_analyzer | Intento de análisis de palabra vacío
2026-03-13 09:03:08,273 | INFO | text_analyzer | GUI iniciada
2026-03-13 09:03:08,301 | INFO | text_analyzer | Usuario ejecutó análisis de palabra
2026-03-13 09:03:08,402 | INFO | text_analyzer | GUI iniciada
2026-03-13 09:03:08,439 | INFO | text_analyzer | Archivo cargado: C:\Users\angel\AppData\Local\Temp\pytest-of-angel\pytest-10\test_cargar_archivo0\test.txt
2026-03-13 09:03:08,531 | INFO | text_analyzer | GUI iniciada
2026-03-13 09:03:08,564 | INFO | text_analyzer | Resultados exportados a: C:\Users\angel\AppData\Local\Temp\pytest-of-angel\pytest-10\test_exportar0\export.txt
2026-03-13 09:03:08,659 | INFO | text_analyzer | GUI iniciada
2026-03-14 18:10:11,068 | INFO | text_analyzer | CLI: usuario consultó historial
2026-03-14 18:10:11,083 | INFO | text_analyzer | CLI: usuario consultó historial
2026-03-14 18:10:11,093 | WARNING | text_analyzer | CLI: intento de exportar sin análisis previo
2026-03-14 18:10:11,105 | WARNING | text_analyzer | CLI: intento de exportar sin análisis previo
2026-03-14 18:10:11,114 | WARNING | text_analyzer | CLI: intento de exportar sin análisis previo
2026-03-14 18:10:11,122 | INFO | text_analyzer | CLI iniciado
2026-03-14 18:10:11,124 | INFO | text_analyzer | CLI: usuario inició análisis de texto
2026-03-14 18:10:11,649 | INFO | text_analyzer | CLI: análisis de texto completado
2026-03-14 18:10:11,651 | INFO | text_analyzer | CLI: análisis de palabra 'hola'
2026-03-14 18:10:11,654 | INFO | text_analyzer | CLI: análisis de palabra 'hola' completado
2026-03-14 18:10:11,655 | INFO | text_analyzer | CLI: usuario consultó historial
2026-03-14 18:10:11,659 | INFO | text_analyzer | CLI finalizado por el usuario
2026-03-14 18:10:12,299 | INFO | text_analyzer | GUI iniciada
2026-03-14 18:10:12,967 | INFO | text_analyzer | GUI iniciada
2026-03-14 18:10:13,000 | INFO | text_analyzer | Usuario ejecutó análisis de palabra
2026-03-14 18:10:13,001 | WARNING | text_analyzer | Intento de análisis de palabra vacío
2026-03-14 18:10:13,094 | INFO | text_analyzer | GUI iniciada
2026-03-14 18:10:13,123 | INFO | text_analyzer | Usuario ejecutó análisis de palabra
2026-03-14 18:10:13,230 | INFO | text_analyzer | GUI iniciada
2026-03-14 18:10:13,268 | INFO | text_analyzer | Archivo cargado: C:\Users\angel\AppData\Local\Temp\pytest-of-angel\pytest-11\test_cargar_archivo0\test.txt
2026-03-14 18:10:13,365 | INFO | text_analyzer | GUI iniciada
2026-03-14 18:10:13,396 | INFO | text_analyzer | Resultados exportados a: C:\Users\angel\AppData\Local\Temp\pytest-of-angel\pytest-11\test_exportar0\export.txt
2026-03-14 18:10:13,523 | INFO | text_analyzer | GUI iniciada
2026-03-14 18:18:53,054 | INFO | text_analyzer | CLI: usuario consultó historial
2026-03-14 18:18:53,055 | WARNING | text_analyzer | CLI: historial consultado pero está vacío
2026-03-14 18:18:53,070 | INFO | text_analyzer | CLI: usuario consultó historial
2026-03-14 18:18:53,079 | WARNING | text_analyzer | CLI: intento de exportar sin análisis previo
2026-03-14 18:18:53,082 | WARNING | text_analyzer | CLI: formato de exportación inválido
2026-03-14 18:18:53,092 | INFO | text_analyzer | CLI: resultados exportados a C:\Users\angel\AppData\Local\Temp\pytest-of-angel\pytest-12\test_exportar_results_txt0\export.txt
2026-03-14 18:18:53,096 | INFO | text_analyzer | CLI iniciado
2026-03-14 18:18:53,098 | INFO | text_analyzer | CLI: usuario inició análisis de texto
2026-03-14 18:18:53,625 | INFO | text_analyzer | CLI: análisis de texto completado
2026-03-14 18:18:53,627 | INFO | text_analyzer | CLI: análisis de palabra 'hola'
2026-03-14 18:18:53,630 | INFO | text_analyzer | CLI: análisis de palabra 'hola' completado
2026-03-14 18:18:53,631 | INFO | text_analyzer | CLI: usuario consultó historial
2026-03-14 18:18:53,634 | INFO | text_analyzer | CLI finalizado por el usuario
2026-03-14 18:18:53,896 | INFO | text_analyzer | GUI iniciada
2026-03-14 18:18:54,344 | INFO | text_analyzer | GUI iniciada
2026-03-14 18:18:54,475 | INFO | text_analyzer | GUI iniciada
2026-03-14 18:18:54,506 | INFO | text_analyzer | Usuario ejecutó análisis de palabra
2026-03-14 18:18:54,507 | WARNING | text_analyzer | Intento de análisis de palabra vacío
2026-03-14 18:18:54,685 | INFO | text_analyzer | GUI iniciada
2026-03-14 18:18:54,719 | INFO | text_analyzer | Archivo cargado: C:\Users\angel\AppData\Local\Temp\pytest-of-angel\pytest-12\test_cargar_archivo0\test.txt
2026-03-14 18:18:54,814 | INFO | text_analyzer | GUI iniciada
2026-03-14 18:18:54,845 | INFO | text_analyzer | Resultados exportados a: C:\Users\angel\AppData\Local\Temp\pytest-of-angel\pytest-12\test_exportar0\export.txt
2026-03-14 18:18:54,942 | INFO | text_analyzer | GUI iniciada
2026-03-14 18:25:24,471 | INFO | text_analyzer | CLI: usuario consultó historial
2026-03-14 18:25:24,473 | WARNING | text_analyzer | CLI: historial consultado pero está vacío
2026-03-14 18:25:24,478 | INFO | text_analyzer | CLI: usuario consultó historial
2026-03-14 18:25:24,486 | WARNING | text_analyzer | CLI: intento de exportar sin análisis previo
2026-03-14 18:25:24,490 | WARNING | text_analyzer | CLI: formato de exportación inválido
2026-03-14 18:25:24,500 | INFO | text_analyzer | CLI: resultados exportados a C:\Users\angel\AppData\Local\Temp\pytest-of-angel\pytest-13\test_exportar_results_txt0\export.txt
2026-03-14 18:25:24,503 | INFO | text_analyzer | CLI iniciado
2026-03-14 18:25:24,505 | INFO | text_analyzer | CLI: usuario inició análisis de texto
2026-03-14 18:25:25,027 | INFO | text_analyzer | CLI: análisis de texto completado
2026-03-14 18:25:25,028 | INFO | text_analyzer | CLI: análisis de palabra 'hola'
2026-03-14 18:25:25,032 | INFO | text_analyzer | CLI: análisis de palabra 'hola' completado
2026-03-14 18:25:25,033 | INFO | text_analyzer | CLI: usuario consultó historial
2026-03-14 18:25:25,036 | INFO | text_analyzer | CLI finalizado por el usuario
2026-03-14 18:28:08,211 | INFO | text_analyzer | CLI: usuario consultó historial
2026-03-14 18:28:08,212 | WARNING | text_analyzer | CLI: historial consultado pero está vacío
2026-03-14 18:28:08,218 | INFO | text_analyzer | CLI: usuario consultó historial
2026-03-14 18:28:08,225 | WARNING | text_analyzer | CLI: intento de exportar sin análisis previo
2026-03-14 18:28:08,229 | WARNING | text_analyzer | CLI: formato de exportación inválido
2026-03-14 18:28:08,239 | INFO | text_analyzer | CLI: resultados exportados a C:\Users\angel\AppData\Local\Temp\pytest-of-angel\pytest-14\test_exportar_results_txt0\export.txt
2026-03-14 18:28:08,243 | INFO | text_analyzer | CLI iniciado
2026-03-14 18:28:08,245 | INFO | text_analyzer | CLI: usuario inició análisis de texto
2026-03-14 18:28:08,765 | INFO | text_analyzer | CLI: análisis de texto completado
2026-03-14 18:28:08,767 | INFO | text_analyzer | CLI: análisis de palabra 'hola'
2026-03-14 18:28:08,770 | INFO | text_analyzer | CLI: análisis de palabra 'hola' completado
2026-03-14 18:28:08,772 | INFO | text_analyzer | CLI: usuario consultó historial
2026-03-14 18:28:08,775 | INFO | text_analyzer | CLI finalizado por el usuario
2026-03-14 18:28:09,204 | INFO | text_analyzer | GUI iniciada
2026-03-14 18:28:09,784 | INFO | text_analyzer | GUI iniciada
2026-03-14 18:28:09,815 | INFO | text_analyzer | Usuario ejecutó análisis de palabra
2026-03-14 18:28:09,816 | WARNING | text_analyzer | Intento de análisis de palabra vacío
2026-03-14 18:28:09,912 | INFO | text_analyzer | GUI iniciada
2026-03-14 18:28:09,951 | INFO | text_analyzer | Usuario ejecutó análisis de palabra
2026-03-14 18:28:10,052 | INFO | text_analyzer | GUI iniciada
2026-03-14 18:28:10,086 | INFO | text_analyzer | Archivo cargado: C:\Users\angel\AppData\Local\Temp\pytest-of-angel\pytest-14\test_cargar_archivo0\test.txt
2026-03-14 18:28:10,182 | INFO | text_analyzer | GUI iniciada
2026-03-14 18:28:10,216 | INFO | text_analyzer | Resultados exportados a: C:\Users\angel\AppData\Local\Temp\pytest-of-angel\pytest-14\test_exportar0\export.txt
2026-03-14 18:28:10,316 | INFO | text_analyzer | GUI iniciada
2026-03-14 18:33:34,158 | INFO | text_analyzer | CLI: usuario consultó historial
2026-03-14 18:33:34,160 | WARNING | text_analyzer | CLI: historial consultado pero está vacío
2026-03-14 18:33:34,165 | INFO | text_analyzer | CLI: usuario consultó historial
2026-03-14 18:33:34,173 | WARNING | text_analyzer | CLI: intento de exportar sin análisis previo
2026-03-14 18:33:34,177 | WARNING | text_analyzer | CLI: formato de exportación inválido
2026-03-14 18:33:34,188 | INFO | text_analyzer | CLI: resultados exportados a C:\Users\angel\AppData\Local\Temp\pytest-of-angel\pytest-15\test_exportar_results_txt0\export.txt
2026-03-14 18:33:34,192 | INFO | text_analyzer | CLI iniciado
2026-03-14 18:33:34,194 | INFO | text_analyzer | CLI: usuario inició análisis de texto
2026-03-14 18:33:34,719 | INFO | text_analyzer | CLI: análisis de texto completado
2026-03-14 18:33:34,720 | INFO | text_analyzer | CLI: análisis de palabra 'hola'
2026-03-14 18:33:34,723 | INFO | text_analyzer | CLI: análisis de palabra 'hola' completado
2026-03-14 18:33:34,725 | INFO | text_analyzer | CLI: usuario consultó historial
2026-03-14 18:33:34,728 | INFO | text_analyzer | CLI finalizado por el usuario
2026-03-14 18:33:34,991 | INFO | text_analyzer | GUI iniciada
2026-03-14 18:33:35,420 | INFO | text_analyzer | GUI iniciada
2026-03-14 18:33:35,545 | INFO | text_analyzer | GUI iniciada
2026-03-14 18:33:35,575 | INFO | text_analyzer | Usuario ejecutó análisis de palabra
2026-03-14 18:33:35,576 | WARNING | text_analyzer | Intento de análisis de palabra vacío
2026-03-14 18:33:35,764 | INFO | text_analyzer | GUI iniciada
2026-03-14 18:33:35,797 | INFO | text_analyzer | Archivo cargado: C:\Users\angel\AppData\Local\Temp\pytest-of-angel\pytest-15\test_cargar_archivo0\test.txt
2026-03-14 18:33:35,889 | INFO | text_analyzer | GUI iniciada
2026-03-14 18:33:35,922 | INFO | text_analyzer | Resultados exportados a: C:\Users\angel\AppData\Local\Temp\pytest-of-angel\pytest-15\test_exportar0\export.txt
2026-03-14 18:33:36,027 | INFO | text_analyzer | GUI iniciada
2026-03-14 18:36:59,515 | INFO | text_analyzer | CLI: usuario consultó historial
2026-03-14 18:36:59,516 | WARNING | text_analyzer | CLI: historial consultado pero está vacío
2026-03-14 18:36:59,522 | INFO | text_analyzer | CLI: usuario consultó historial
2026-03-14 18:36:59,531 | WARNING | text_analyzer | CLI: intento de exportar sin análisis previo
2026-03-14 18:36:59,534 | WARNING | text_analyzer | CLI: formato de exportación inválido
2026-03-14 18:36:59,546 | INFO | text_analyzer | CLI: resultados exportados a C:\Users\angel\AppData\Local\Temp\pytest-of-angel\pytest-16\test_exportar_results_txt0\export.txt
2026-03-14 18:36:59,549 | INFO | text_analyzer | CLI iniciado
2026-03-14 18:36:59,552 | INFO | text_analyzer | CLI: usuario inició análisis de texto
2026-03-14 18:37:00,076 | INFO | text_analyzer | CLI: análisis de texto completado
2026-03-14 18:37:00,078 | INFO | text_analyzer | CLI: análisis de palabra 'hola'
2026-03-14 18:37:00,081 | INFO | text_analyzer | CLI: análisis de palabra 'hola' completado
2026-03-14 18:37:00,083 | INFO | text_analyzer | CLI: usuario consultó historial
2026-03-14 18:37:00,086 | INFO | text_analyzer | CLI finalizado por el usuario
2026-03-14 18:37:00,414 | INFO | text_analyzer | GUI iniciada
2026-03-14 18:37:00,852 | INFO | text_analyzer | GUI iniciada
2026-03-14 18:37:00,987 | INFO | text_analyzer | GUI iniciada
2026-03-14 18:37:01,020 | INFO | text_analyzer | Usuario ejecutó análisis de palabra
2026-03-14 18:37:01,021 | WARNING | text_analyzer | Intento de análisis de palabra vacío
2026-03-14 18:37:01,115 | INFO | text_analyzer | GUI iniciada
2026-03-14 18:37:01,143 | INFO | text_analyzer | Usuario ejecutó análisis de palabra
2026-03-14 18:37:01,338 | INFO | text_analyzer | GUI iniciada
2026-03-14 18:37:01,370 | INFO | text_analyzer | Resultados exportados a: C:\Users\angel\AppData\Local\Temp\pytest-of-angel\pytest-16\test_exportar0\export.txt
2026-03-14 18:37:01,481 | INFO | text_analyzer | GUI iniciada
2026-03-14 18:40:49,836 | INFO | text_analyzer | CLI: usuario consultó historial
2026-03-14 18:40:49,838 | WARNING | text_analyzer | CLI: historial consultado pero está vacío
2026-03-14 18:40:49,844 | INFO | text_analyzer | CLI: usuario consultó historial
2026-03-14 18:40:49,851 | WARNING | text_analyzer | CLI: intento de exportar sin análisis previo
2026-03-14 18:40:49,856 | WARNING | text_analyzer | CLI: formato de exportación inválido
2026-03-14 18:40:49,866 | INFO | text_analyzer | CLI: resultados exportados a C:\Users\angel\AppData\Local\Temp\pytest-of-angel\pytest-17\test_exportar_results_txt0\export.txt
2026-03-14 18:40:49,869 | INFO | text_analyzer | CLI iniciado
2026-03-14 18:40:49,871 | INFO | text_analyzer | CLI: usuario inició análisis de texto
2026-03-14 18:40:50,394 | INFO | text_analyzer | CLI: análisis de texto completado
2026-03-14 18:40:50,395 | INFO | text_analyzer | CLI: análisis de palabra 'hola'
2026-03-14 18:40:50,399 | INFO | text_analyzer | CLI: análisis de palabra 'hola' completado
2026-03-14 18:40:50,400 | INFO | text_analyzer | CLI: usuario consultó historial
2026-03-14 18:40:50,403 | INFO | text_analyzer | CLI finalizado por el usuario
2026-03-14 18:40:50,668 | INFO | text_analyzer | GUI iniciada
2026-03-14 18:40:51,204 | INFO | text_analyzer | GUI iniciada
2026-03-14 18:40:51,234 | INFO | text_analyzer | Usuario ejecutó análisis de palabra
2026-03-14 18:40:51,235 | WARNING | text_analyzer | Intento de análisis de palabra vacío
2026-03-14 18:40:51,420 | INFO | text_analyzer | GUI iniciada
2026-03-14 18:40:51,453 | INFO | text_analyzer | Archivo cargado: C:\Users\angel\AppData\Local\Temp\pytest-of-angel\pytest-17\test_cargar_archivo0\test.txt
2026-03-14 18:40:51,550 | INFO | text_analyzer | GUI iniciada
2026-03-14 18:40:51,582 | INFO | text_analyzer | Resultados exportados a: C:\Users\angel\AppData\Local\Temp\pytest-of-angel\pytest-17\test_exportar0\export.txt
2026-03-14 18:40:51,683 | INFO | text_analyzer | GUI iniciada
2026-03-14 18:46:30,143 | INFO | text_analyzer | CLI: usuario consultó historial
2026-03-14 18:46:30,145 | WARNING | text_analyzer | CLI: historial consultado pero está vacío
2026-03-14 18:46:30,150 | INFO | text_analyzer | CLI: usuario consultó historial
2026-03-14 18:46:30,159 | WARNING | text_analyzer | CLI: intento de exportar sin análisis previo
2026-03-14 18:46:30,163 | WARNING | text_analyzer | CLI: formato de exportación inválido
2026-03-14 18:46:30,173 | INFO | text_analyzer | CLI: resultados exportados a C:\Users\angel\AppData\Local\Temp\pytest-of-angel\pytest-18\test_exportar_results_txt0\export.txt
2026-03-14 18:46:30,177 | INFO | text_analyzer | CLI iniciado
2026-03-14 18:46:30,179 | INFO | text_analyzer | CLI: usuario inició análisis de texto
2026-03-14 18:46:30,705 | INFO | text_analyzer | CLI: análisis de texto completado
2026-03-14 18:46:30,707 | INFO | text_analyzer | CLI: análisis de palabra 'hola'
2026-03-14 18:46:30,710 | INFO | text_analyzer | CLI: análisis de palabra 'hola' completado
2026-03-14 18:46:30,712 | INFO | text_analyzer | CLI: usuario consultó historial
2026-03-14 18:46:30,715 | INFO | text_analyzer | CLI finalizado por el usuario
2026-03-14 18:46:30,975 | INFO | text_analyzer | GUI iniciada
2026-03-14 18:46:31,509 | INFO | text_analyzer | GUI iniciada
2026-03-14 18:46:31,540 | INFO | text_analyzer | Usuario ejecutó análisis de palabra
2026-03-14 18:46:31,541 | WARNING | text_analyzer | Intento de análisis de palabra vacío
2026-03-14 18:46:31,637 | INFO | text_analyzer | GUI iniciada
2026-03-14 18:46:31,673 | INFO | text_analyzer | Usuario ejecutó análisis de palabra
2026-03-14 18:46:31,767 | INFO | text_analyzer | GUI iniciada
2026-03-14 18:46:31,800 | INFO | text_analyzer | Archivo cargado: C:\Users\angel\AppData\Local\Temp\pytest-of-angel\pytest-18\test_cargar_archivo0\test.txt
2026-03-14 18:46:31,892 | INFO | text_analyzer | GUI iniciada
2026-03-14 18:46:31,924 | INFO | text_analyzer | Resultados exportados a: C:\Users\angel\AppData\Local\Temp\pytest-of-angel\pytest-18\test_exportar0\export.txt
2026-03-14 18:46:32,033 | INFO | text_analyzer | GUI iniciada
2026-03-14 18:48:02,747 | INFO | text_analyzer | CLI: usuario consultó historial
2026-03-14 18:48:02,748 | WARNING | text_analyzer | CLI: historial consultado pero está vacío
2026-03-14 18:48:02,754 | INFO | text_analyzer | CLI: usuario consultó historial
2026-03-14 18:48:02,762 | WARNING | text_analyzer | CLI: intento de exportar sin análisis previo
2026-03-14 18:48:02,766 | WARNING | text_analyzer | CLI: formato de exportación inválido
2026-03-14 18:48:02,775 | INFO | text_analyzer | CLI: resultados exportados a C:\Users\angel\AppData\Local\Temp\pytest-of-angel\pytest-19\test_exportar_results_txt0\export.txt
2026-03-14 18:48:02,779 | INFO | text_analyzer | CLI iniciado
2026-03-14 18:48:02,781 | INFO | text_analyzer | CLI: usuario inició análisis de texto
2026-03-14 18:48:03,304 | INFO | text_analyzer | CLI: análisis de texto completado
2026-03-14 18:48:03,306 | INFO | text_analyzer | CLI: análisis de palabra 'hola'
2026-03-14 18:48:03,309 | INFO | text_analyzer | CLI: análisis de palabra 'hola' completado
2026-03-14 18:48:03,311 | INFO | text_analyzer | CLI: usuario consultó historial
2026-03-14 18:48:03,314 | INFO | text_analyzer | CLI finalizado por el usuario
2026-03-14 18:48:03,632 | INFO | text_analyzer | GUI iniciada
2026-03-14 18:48:04,212 | INFO | text_analyzer | GUI iniciada
2026-03-14 18:48:04,266 | INFO | text_analyzer | Usuario ejecutó análisis de palabra
2026-03-14 18:48:04,267 | WARNING | text_analyzer | Intento de análisis de palabra vacío
2026-03-14 18:48:04,388 | INFO | text_analyzer | GUI iniciada
2026-03-14 18:48:04,416 | INFO | text_analyzer | Usuario ejecutó análisis de palabra
2026-03-14 18:48:04,526 | INFO | text_analyzer | GUI iniciada
2026-03-14 18:48:04,570 | INFO | text_analyzer | Archivo cargado: C:\Users\angel\AppData\Local\Temp\pytest-of-angel\pytest-19\test_cargar_archivo0\test.txt
2026-03-14 18:48:04,706 | INFO | text_analyzer | GUI iniciada
2026-03-14 18:48:04,738 | INFO | text_analyzer | Resultados exportados a: C:\Users\angel\AppData\Local\Temp\pytest-of-angel\pytest-19\test_exportar0\export.txt
2026-03-14 18:48:04,839 | INFO | text_analyzer | GUI iniciada
2026-03-14 18:50:30,192 | INFO | text_analyzer | CLI: usuario consultó historial
2026-03-14 18:50:30,193 | WARNING | text_analyzer | CLI: historial consultado pero está vacío
2026-03-14 18:50:30,199 | INFO | text_analyzer | CLI: usuario consultó historial
2026-03-14 18:50:30,208 | WARNING | text_analyzer | CLI: intento de exportar sin análisis previo
2026-03-14 18:50:30,212 | WARNING | text_analyzer | CLI: formato de exportación inválido
2026-03-14 18:50:30,223 | INFO | text_analyzer | CLI: resultados exportados a C:\Users\angel\AppData\Local\Temp\pytest-of-angel\pytest-20\test_exportar_results_txt0\export.txt
2026-03-14 18:50:30,227 | INFO | text_analyzer | CLI iniciado
2026-03-14 18:50:30,229 | INFO | text_analyzer | CLI: usuario inició análisis de texto
2026-03-14 18:50:30,752 | INFO | text_analyzer | CLI: análisis de texto completado
2026-03-14 18:50:30,754 | INFO | text_analyzer | CLI: análisis de palabra 'hola'
2026-03-14 18:50:30,757 | INFO | text_analyzer | CLI: análisis de palabra 'hola' completado
2026-03-14 18:50:30,759 | INFO | text_analyzer | CLI: usuario consultó historial
2026-03-14 18:50:30,761 | INFO | text_analyzer | CLI finalizado por el usuario
2026-03-14 18:50:30,989 | INFO | text_analyzer | GUI iniciada
2026-03-14 18:50:31,445 | INFO | text_analyzer | GUI iniciada
2026-03-14 18:50:31,582 | INFO | text_analyzer | GUI iniciada
2026-03-14 18:50:31,614 | INFO | text_analyzer | Usuario ejecutó análisis de palabra
2026-03-14 18:50:31,615 | WARNING | text_analyzer | Intento de análisis de palabra vacío
2026-03-14 18:50:31,706 | INFO | text_analyzer | GUI iniciada
2026-03-14 18:50:31,737 | INFO | text_analyzer | Usuario ejecutó análisis de palabra
2026-03-14 18:50:31,969 | INFO | text_analyzer | GUI iniciada
2026-03-14 18:50:32,004 | INFO | text_analyzer | Resultados exportados a: C:\Users\angel\AppData\Local\Temp\pytest-of-angel\pytest-20\test_exportar0\export.txt
2026-03-14 18:50:32,105 | INFO | text_analyzer | GUI iniciada
2026-03-14 18:54:18,105 | INFO | text_analyzer | CLI: usuario consultó historial
2026-03-14 18:54:18,106 | WARNING | text_analyzer | CLI: historial consultado pero está vacío
2026-03-14 18:54:18,111 | INFO | text_analyzer | CLI: usuario consultó historial
2026-03-14 18:54:18,119 | WARNING | text_analyzer | CLI: intento de exportar sin análisis previo
2026-03-14 18:54:18,123 | WARNING | text_analyzer | CLI: formato de exportación inválido
2026-03-14 18:54:18,132 | INFO | text_analyzer | CLI: resultados exportados a C:\Users\angel\AppData\Local\Temp\pytest-of-angel\pytest-21\test_exportar_results_txt0\export.txt
2026-03-14 18:54:18,135 | INFO | text_analyzer | CLI iniciado
2026-03-14 18:54:18,137 | INFO | text_analyzer | CLI: usuario inició análisis de texto
2026-03-14 18:54:18,661 | INFO | text_analyzer | CLI: análisis de texto completado
2026-03-14 18:54:18,663 | INFO | text_analyzer | CLI: análisis de palabra 'hola'
2026-03-14 18:54:18,666 | INFO | text_analyzer | CLI: análisis de palabra 'hola' completado
2026-03-14 18:54:18,667 | INFO | text_analyzer | CLI: usuario consultó historial
2026-03-14 18:54:18,670 | INFO | text_analyzer | CLI finalizado por el usuario
2026-03-14 18:54:18,890 | INFO | text_analyzer | GUI iniciada
2026-03-14 18:54:19,424 | INFO | text_analyzer | GUI iniciada
2026-03-14 18:54:19,456 | INFO | text_analyzer | Usuario ejecutó análisis de palabra
2026-03-14 18:54:19,457 | WARNING | text_analyzer | Intento de análisis de palabra vacío
2026-03-14 18:54:19,558 | INFO | text_analyzer | GUI iniciada
2026-03-14 18:54:19,596 | INFO | text_analyzer | Usuario ejecutó análisis de palabra
2026-03-14 18:54:19,702 | INFO | text_analyzer | GUI iniciada
2026-03-14 18:54:19,738 | INFO | text_analyzer | Archivo cargado: C:\Users\angel\AppData\Local\Temp\pytest-of-angel\pytest-21\test_cargar_archivo0\test.txt
2026-03-14 18:54:19,835 | INFO | text_analyzer | GUI iniciada
2026-03-14 18:54:19,879 | INFO | text_analyzer | Resultados exportados a: C:\Users\angel\AppData\Local\Temp\pytest-of-angel\pytest-21\test_exportar0\export.txt
2026-03-14 18:54:20,000 | INFO | text_analyzer | GUI iniciada
2026-03-14 19:02:23,435 | INFO | text_analyzer | CLI: usuario consultó historial
2026-03-14 19:02:23,437 | WARNING | text_analyzer | CLI: historial consultado pero está vacío
2026-03-14 19:02:23,442 | INFO | text_analyzer | CLI: usuario consultó historial
2026-03-14 19:02:23,450 | WARNING | text_analyzer | CLI: intento de exportar sin análisis previo
2026-03-14 19:02:23,453 | WARNING | text_analyzer | CLI: formato de exportación inválido
2026-03-14 19:02:23,464 | INFO | text_analyzer | CLI: resultados exportados a C:\Users\angel\AppData\Local\Temp\pytest-of-angel\pytest-22\test_exportar_results_txt0\export.txt
2026-03-14 19:02:23,468 | INFO | text_analyzer | CLI iniciado
2026-03-14 19:02:23,470 | INFO | text_analyzer | CLI: usuario inició análisis de texto
2026-03-14 19:02:23,996 | INFO | text_analyzer | CLI: análisis de texto completado
2026-03-14 19:02:24,001 | INFO | text_analyzer | CLI: análisis de palabra 'Hola' completado
2026-03-14 19:02:24,002 | INFO | text_analyzer | CLI: usuario consultó historial
2026-03-14 19:02:24,005 | INFO | text_analyzer | CLI finalizado por el usuario
2026-03-14 19:02:24,238 | INFO | text_analyzer | GUI iniciada
2026-03-14 19:02:24,673 | INFO | text_analyzer | GUI iniciada
2026-03-14 19:02:24,808 | INFO | text_analyzer | GUI iniciada
2026-03-14 19:02:24,840 | INFO | text_analyzer | Usuario ejecutó análisis de palabra
2026-03-14 19:02:24,842 | WARNING | text_analyzer | Intento de análisis de palabra vacío
2026-03-14 19:02:24,936 | INFO | text_analyzer | GUI iniciada
2026-03-14 19:02:24,965 | INFO | text_analyzer | Usuario ejecutó análisis de palabra
2026-03-14 19:02:25,062 | INFO | text_analyzer | GUI iniciada
2026-03-14 19:02:25,095 | INFO | text_analyzer | Archivo cargado: C:\Users\angel\AppData\Local\Temp\pytest-of-angel\pytest-22\test_cargar_archivo0\test.txt
2026-03-14 19:02:25,216 | INFO | text_analyzer | GUI iniciada
2026-03-14 19:02:25,254 | INFO | text_analyzer | Resultados exportados a: C:\Users\angel\AppData\Local\Temp\pytest-of-angel\pytest-22\test_exportar0\export.txt
2026-03-14 19:02:25,352 | INFO | text_analyzer | GUI iniciada
2026-03-14 19:07:02,637 | INFO | text_analyzer | CLI: usuario consultó historial
2026-03-14 19:07:02,639 | WARNING | text_analyzer | CLI: historial consultado pero está vacío
2026-03-14 19:07:02,644 | INFO | text_analyzer | CLI: usuario consultó historial
2026-03-14 19:07:02,653 | WARNING | text_analyzer | CLI: intento de exportar sin análisis previo
2026-03-14 19:07:02,657 | WARNING | text_analyzer | CLI: formato de exportación inválido
2026-03-14 19:07:02,667 | INFO | text_analyzer | CLI: resultados exportados a C:\Users\angel\AppData\Local\Temp\pytest-of-angel\pytest-23\test_exportar_results_txt0\export.txt
2026-03-14 19:07:02,671 | INFO | text_analyzer | CLI iniciado
2026-03-14 19:07:02,673 | INFO | text_analyzer | CLI: usuario inició análisis de texto
2026-03-14 19:07:03,198 | INFO | text_analyzer | CLI: análisis de texto completado
2026-03-14 19:07:03,202 | INFO | text_analyzer | CLI: análisis de palabra 'Hola' completado
2026-03-14 19:07:03,204 | INFO | text_analyzer | CLI: usuario consultó historial
2026-03-14 19:07:03,207 | INFO | text_analyzer | CLI finalizado por el usuario
2026-03-14 19:07:03,371 | INFO | text_analyzer | GUI iniciada
2026-03-14 19:07:03,807 | INFO | text_analyzer | GUI iniciada
2026-03-14 19:07:03,986 | INFO | text_analyzer | GUI iniciada
2026-03-14 19:07:04,016 | INFO | text_analyzer | Usuario ejecutó análisis de palabra
2026-03-14 19:07:04,017 | WARNING | text_analyzer | Intento de análisis de palabra vacío
2026-03-14 19:07:04,106 | INFO | text_analyzer | GUI iniciada
2026-03-14 19:07:04,135 | INFO | text_analyzer | Usuario ejecutó análisis de palabra
2026-03-14 19:07:04,229 | INFO | text_analyzer | GUI iniciada
2026-03-14 19:07:04,264 | INFO | text_analyzer | Archivo cargado: C:\Users\angel\AppData\Local\Temp\pytest-of-angel\pytest-23\test_cargar_archivo0\test.txt
2026-03-14 19:07:04,366 | INFO | text_analyzer | GUI iniciada
2026-03-14 19:07:04,411 | INFO | text_analyzer | Resultados exportados a: C:\Users\angel\AppData\Local\Temp\pytest-of-angel\pytest-23\test_exportar0\export.txt
2026-03-14 19:07:04,523 | INFO | text_analyzer | GUI iniciada
2026-03-14 19:13:11,288 | INFO | text_analyzer | CLI: usuario consultó historial
2026-03-14 19:13:11,290 | WARNING | text_analyzer | CLI: historial consultado pero está vacío
2026-03-14 19:13:11,295 | INFO | text_analyzer | CLI: usuario consultó historial
2026-03-14 19:13:11,302 | WARNING | text_analyzer | CLI: intento de exportar sin análisis previo
2026-03-14 19:13:11,306 | WARNING | text_analyzer | CLI: formato de exportación inválido
2026-03-14 19:13:11,315 | INFO | text_analyzer | CLI: resultados exportados a C:\Users\angel\AppData\Local\Temp\pytest-of-angel\pytest-24\test_exportar_results_txt0\export.txt
2026-03-14 19:13:11,318 | INFO | text_analyzer | CLI iniciado
2026-03-14 19:13:11,320 | INFO | text_analyzer | CLI: usuario inició análisis de texto
2026-03-14 19:13:11,845 | INFO | text_analyzer | CLI: análisis de texto completado
2026-03-14 19:13:11,850 | INFO | text_analyzer | CLI: análisis de palabra 'Hola' completado
2026-03-14 19:13:11,852 | INFO | text_analyzer | CLI: usuario consultó historial
2026-03-14 19:13:11,855 | INFO | text_analyzer | CLI finalizado por el usuario
2026-03-14 19:13:12,011 | INFO | text_analyzer | GUI iniciada
2026-03-14 19:13:12,577 | INFO | text_analyzer | GUI iniciada
2026-03-14 19:13:12,610 | INFO | text_analyzer | Usuario ejecutó análisis de palabra
2026-03-14 19:13:12,611 | WARNING | text_analyzer | Intento de análisis de palabra vacío
2026-03-14 19:13:12,700 | INFO | text_analyzer | GUI iniciada
2026-03-14 19:13:12,728 | INFO | text_analyzer | Usuario ejecutó análisis de palabra
2026-03-14 19:13:12,831 | INFO | text_analyzer | GUI iniciada
2026-03-14 19:13:12,868 | INFO | text_analyzer | Archivo cargado: C:\Users\angel\AppData\Local\Temp\pytest-of-angel\pytest-24\test_cargar_archivo0\test.txt
2026-03-14 19:13:12,966 | INFO | text_analyzer | GUI iniciada
2026-03-14 19:13:13,010 | INFO | text_analyzer | Resultados exportados a: C:\Users\angel\AppData\Local\Temp\pytest-of-angel\pytest-24\test_exportar0\export.txt
2026-03-14 19:13:13,140 | INFO | text_analyzer | GUI iniciada
2026-03-14 19:22:28,913 | INFO | text_analyzer | CLI: usuario consultó historial
2026-03-14 19:22:28,915 | WARNING | text_analyzer | CLI: historial consultado pero está vacío
2026-03-14 19:22:28,920 | INFO | text_analyzer | CLI: usuario consultó historial
2026-03-14 19:22:28,927 | WARNING | text_analyzer | CLI: intento de exportar sin análisis previo
2026-03-14 19:22:28,931 | WARNING | text_analyzer | CLI: formato de exportación inválido
2026-03-14 19:22:28,940 | INFO | text_analyzer | CLI: resultados exportados a C:\Users\angel\AppData\Local\Temp\pytest-of-angel\pytest-25\test_exportar_results_txt0\export.txt
2026-03-14 19:22:28,943 | INFO | text_analyzer | CLI iniciado
2026-03-14 19:22:28,945 | INFO | text_analyzer | CLI: usuario inició análisis de texto
2026-03-14 19:22:29,467 | INFO | text_analyzer | CLI: análisis de texto completado
2026-03-14 19:22:29,471 | INFO | text_analyzer | CLI: análisis de palabra 'Hola' completado
2026-03-14 19:22:29,473 | INFO | text_analyzer | CLI: usuario consultó historial
2026-03-14 19:22:29,476 | INFO | text_analyzer | CLI finalizado por el usuario
2026-03-14 19:22:29,633 | INFO | text_analyzer | GUI iniciada
2026-03-14 19:22:30,213 | INFO | text_analyzer | GUI iniciada
2026-03-14 19:22:30,341 | INFO | text_analyzer | GUI iniciada
2026-03-14 19:22:30,370 | WARNING | text_analyzer | Intento de análisis de palabra vacío
2026-03-14 19:22:30,481 | INFO | text_analyzer | GUI iniciada
2026-03-14 19:22:30,515 | INFO | text_analyzer | Archivo cargado: C:\Users\angel\AppData\Local\Temp\pytest-of-angel\pytest-25\test_cargar_archivo0\test.txt
2026-03-14 19:22:30,752 | INFO | text_analyzer | GUI iniciada
2026-03-14 19:23:37,784 | INFO | text_analyzer | Aplicación iniciada
2026-03-14 19:23:37,875 | INFO | text_analyzer | GUI iniciada
2026-03-14 19:29:32,996 | INFO | text_analyzer | CLI: usuario consultó historial
2026-03-14 19:29:32,998 | WARNING | text_analyzer | CLI: historial consultado pero está vacío
2026-03-14 19:29:33,003 | INFO | text_analyzer | CLI: usuario consultó historial
2026-03-14 19:29:33,011 | WARNING | text_analyzer | CLI: intento de exportar sin análisis previo
2026-03-14 19:29:33,014 | WARNING | text_analyzer | CLI: formato de exportación inválido
2026-03-14 19:29:33,024 | INFO | text_analyzer | CLI: resultados exportados a C:\Users\angel\AppData\Local\Temp\pytest-of-angel\pytest-26\test_exportar_results_txt0\export.txt
2026-03-14 19:29:33,028 | INFO | text_analyzer | CLI iniciado
2026-03-14 19:29:33,030 | INFO | text_analyzer | CLI: usuario inició análisis de texto
2026-03-14 19:29:33,555 | INFO | text_analyzer | CLI: análisis de texto completado
2026-03-14 19:29:33,559 | INFO | text_analyzer | CLI: análisis de palabra 'Hola' completado
2026-03-14 19:29:33,561 | INFO | text_analyzer | CLI: usuario consultó historial
2026-03-14 19:29:33,564 | INFO | text_analyzer | CLI finalizado por el usuario
2026-03-14 19:29:33,734 | INFO | text_analyzer | GUI iniciada
2026-03-14 19:29:33,825 | INFO | text_analyzer | GUI iniciada
2026-03-14 19:29:33,829 | WARNING | text_analyzer | Intento de análisis de texto vacío
2026-03-14 19:29:33,897 | INFO | text_analyzer | GUI iniciada
2026-03-14 19:29:33,980 | INFO | text_analyzer | GUI iniciada
2026-03-14 19:29:33,982 | WARNING | text_analyzer | Intento de análisis de palabra vacío
2026-03-14 19:29:34,060 | INFO | text_analyzer | GUI iniciada
2026-03-14 19:29:34,066 | INFO | text_analyzer | Archivo cargado: C:\Users\angel\AppData\Local\Temp\pytest-of-angel\pytest-26\test_cargar_archivo0\test.txt
2026-03-14 19:29:34,336 | INFO | text_analyzer | GUI iniciada
2026-03-14 19:38:19,810 | INFO | text_analyzer | CLI: usuario consultó historial
2026-03-14 19:38:19,811 | WARNING | text_analyzer | CLI: historial consultado pero está vacío
2026-03-14 19:38:19,824 | INFO | text_analyzer | CLI: usuario consultó historial
2026-03-14 19:38:19,833 | WARNING | text_analyzer | CLI: intento de exportar sin análisis previo
2026-03-14 19:38:19,836 | WARNING | text_analyzer | CLI: formato de exportación inválido
2026-03-14 19:38:19,846 | INFO | text_analyzer | CLI: resultados exportados a C:\Users\angel\AppData\Local\Temp\pytest-of-angel\pytest-27\test_exportar_results_txt0\export.txt
2026-03-14 19:38:19,849 | INFO | text_analyzer | CLI iniciado
2026-03-14 19:38:19,852 | INFO | text_analyzer | CLI: usuario inició análisis de texto
2026-03-14 19:38:20,375 | INFO | text_analyzer | CLI: análisis de texto completado
2026-03-14 19:38:20,380 | INFO | text_analyzer | CLI: análisis de palabra 'Hola' completado
2026-03-14 19:38:20,382 | INFO | text_analyzer | CLI: usuario consultó historial
2026-03-14 19:38:20,385 | INFO | text_analyzer | CLI finalizado por el usuario
2026-03-14 19:38:20,635 | INFO | text_analyzer | GUI iniciada
2026-03-14 19:38:20,955 | INFO | text_analyzer | GUI iniciada
2026-03-14 19:38:20,957 | WARNING | text_analyzer | Intento de análisis de palabra vacío
2026-03-14 19:38:21,027 | INFO | text_analyzer | GUI iniciada
2026-03-14 19:38:21,033 | INFO | text_analyzer | Archivo cargado: C:\Users\angel\AppData\Local\Temp\pytest-of-angel\pytest-27\test_cargar_archivo0\test.txt
2026-03-14 19:38:21,102 | INFO | text_analyzer | GUI iniciada
2026-03-14 19:38:21,107 | INFO | text_analyzer | Resultados exportados a: C:\Users\angel\AppData\Local\Temp\pytest-of-angel\pytest-27\test_exportar0\export.txt
2026-03-14 19:38:21,197 | INFO | text_analyzer | GUI iniciada
2026-03-14 19:40:54,243 | INFO | text_analyzer | Aplicación iniciada
2026-03-14 19:40:54,334 | INFO | text_analyzer | GUI iniciada
2026-03-14 19:41:30,669 | INFO | text_analyzer | CLI: usuario consultó historial
2026-03-14 19:41:30,670 | WARNING | text_analyzer | CLI: historial consultado pero está vacío
2026-03-14 19:41:30,677 | INFO | text_analyzer | CLI: usuario consultó historial
2026-03-14 19:41:30,684 | WARNING | text_analyzer | CLI: intento de exportar sin análisis previo
2026-03-14 19:41:30,687 | WARNING | text_analyzer | CLI: formato de exportación inválido
2026-03-14 19:41:30,697 | INFO | text_analyzer | CLI: resultados exportados a C:\Users\angel\AppData\Local\Temp\pytest-of-angel\pytest-28\test_exportar_results_txt0\export.txt
2026-03-14 19:41:30,701 | INFO | text_analyzer | CLI iniciado
2026-03-14 19:41:30,703 | INFO | text_analyzer | CLI: usuario inició análisis de texto
2026-03-14 19:41:31,225 | INFO | text_analyzer | CLI: análisis de texto completado
2026-03-14 19:41:31,230 | INFO | text_analyzer | CLI: análisis de palabra 'Hola' completado
2026-03-14 19:41:31,232 | INFO | text_analyzer | CLI: usuario consultó historial
2026-03-14 19:41:31,235 | INFO | text_analyzer | CLI finalizado por el usuario
2026-03-14 19:41:44,270 | INFO | text_analyzer | CLI: usuario consultó historial
2026-03-14 19:41:44,272 | WARNING | text_analyzer | CLI: historial consultado pero está vacío
2026-03-14 19:41:44,277 | INFO | text_analyzer | CLI: usuario consultó historial
2026-03-14 19:41:44,286 | WARNING | text_analyzer | CLI: intento de exportar sin análisis previo
2026-03-14 19:41:44,290 | WARNING | text_analyzer | CLI: formato de exportación inválido
2026-03-14 19:41:44,300 | INFO | text_analyzer | CLI: resultados exportados a C:\Users\angel\AppData\Local\Temp\pytest-of-angel\pytest-29\test_exportar_results_txt0\export.txt
2026-03-14 19:41:44,304 | INFO | text_analyzer | CLI iniciado
2026-03-14 19:41:44,306 | INFO | text_analyzer | CLI: usuario inició análisis de texto
2026-03-14 19:41:44,829 | INFO | text_analyzer | CLI: análisis de texto completado
2026-03-14 19:41:44,834 | INFO | text_analyzer | CLI: análisis de palabra 'Hola' completado
2026-03-14 19:41:44,836 | INFO | text_analyzer | CLI: usuario consultó historial
2026-03-14 19:41:44,839 | INFO | text_analyzer | CLI finalizado por el usuario
2026-03-14 19:41:45,053 | INFO | text_analyzer | GUI iniciada
2026-03-14 19:41:45,142 | INFO | text_analyzer | GUI iniciada
2026-03-14 19:41:45,153 | WARNING | text_analyzer | Intento de análisis de texto vacío
2026-03-14 19:41:45,345 | INFO | text_analyzer | GUI iniciada
2026-03-14 19:41:45,347 | WARNING | text_analyzer | Intento de análisis de palabra vacío
2026-03-14 19:41:45,425 | INFO | text_analyzer | GUI iniciada
2026-03-14 19:41:45,437 | INFO | text_analyzer | Archivo cargado: C:\Users\angel\AppData\Local\Temp\pytest-of-angel\pytest-29\test_cargar_archivo0\test.txt
2026-03-14 19:41:45,534 | INFO | text_analyzer | GUI iniciada
2026-03-14 19:41:45,540 | INFO | text_analyzer | Resultados exportados a: C:\Users\angel\AppData\Local\Temp\pytest-of-angel\pytest-29\test_exportar0\export.txt
2026-03-14 19:41:45,631 | INFO | text_analyzer | GUI iniciada
2026-03-14 19:45:38,500 | INFO | text_analyzer | CLI: usuario consultó historial
2026-03-14 19:45:38,502 | WARNING | text_analyzer | CLI: historial consultado pero está vacío
2026-03-14 19:45:38,507 | INFO | text_analyzer | CLI: usuario consultó historial
2026-03-14 19:45:38,516 | WARNING | text_analyzer | CLI: intento de exportar sin análisis previo
2026-03-14 19:45:38,520 | WARNING | text_analyzer | CLI: formato de exportación inválido
2026-03-14 19:45:38,532 | INFO | text_analyzer | CLI: resultados exportados a C:\Users\angel\AppData\Local\Temp\pytest-of-angel\pytest-30\test_exportar_results_txt0\export.txt
2026-03-14 19:45:38,535 | INFO | text_analyzer | CLI iniciado
2026-03-14 19:45:38,537 | INFO | text_analyzer | CLI: usuario inició análisis de texto
2026-03-14 19:45:39,063 | INFO | text_analyzer | CLI: análisis de texto completado
2026-03-14 19:45:39,067 | INFO | text_analyzer | CLI: análisis de palabra 'Hola' completado
2026-03-14 19:45:39,069 | INFO | text_analyzer | CLI: usuario consultó historial
2026-03-14 19:45:39,072 | INFO | text_analyzer | CLI finalizado por el usuario
2026-03-14 19:46:24,857 | INFO | text_analyzer | CLI: usuario consultó historial
2026-03-14 19:46:24,859 | WARNING | text_analyzer | CLI: historial consultado pero está vacío
2026-03-14 19:46:24,865 | INFO | text_analyzer | CLI: usuario consultó historial
2026-03-14 19:46:24,875 | WARNING | text_analyzer | CLI: intento de exportar sin análisis previo
2026-03-14 19:46:24,879 | WARNING | text_analyzer | CLI: formato de exportación inválido
2026-03-14 19:46:24,892 | INFO | text_analyzer | CLI: resultados exportados a C:\Users\angel\AppData\Local\Temp\pytest-of-angel\pytest-31\test_exportar_results_txt0\export.txt
2026-03-14 19:46:24,895 | INFO | text_analyzer | CLI iniciado
2026-03-14 19:46:24,897 | INFO | text_analyzer | CLI: usuario inició análisis de texto
2026-03-14 19:46:25,420 | INFO | text_analyzer | CLI: análisis de texto completado
2026-03-14 19:46:25,425 | INFO | text_analyzer | CLI: análisis de palabra 'Hola' completado
2026-03-14 19:46:25,426 | INFO | text_analyzer | CLI: usuario consultó historial
2026-03-14 19:46:25,429 | INFO | text_analyzer | CLI finalizado por el usuario
2026-03-14 19:48:05,801 | INFO | text_analyzer | CLI: usuario consultó historial
2026-03-14 19:48:05,803 | WARNING | text_analyzer | CLI: historial consultado pero está vacío
2026-03-14 19:48:05,808 | INFO | text_analyzer | CLI: usuario consultó historial
2026-03-14 19:48:05,816 | WARNING | text_analyzer | CLI: intento de exportar sin análisis previo
2026-03-14 19:48:05,820 | WARNING | text_analyzer | CLI: formato de exportación inválido
2026-03-14 19:48:05,830 | INFO | text_analyzer | CLI: resultados exportados a C:\Users\angel\AppData\Local\Temp\pytest-of-angel\pytest-32\test_exportar_results_txt0\export.txt
2026-03-14 19:48:05,832 | INFO | text_analyzer | CLI iniciado
2026-03-14 19:48:05,834 | INFO | text_analyzer | CLI: usuario inició análisis de texto
2026-03-14 19:48:06,359 | INFO | text_analyzer | CLI: análisis de texto completado
2026-03-14 19:48:06,364 | INFO | text_analyzer | CLI: análisis de palabra 'Hola' completado
2026-03-14 19:48:06,365 | INFO | text_analyzer | CLI: usuario consultó historial
2026-03-14 19:48:06,368 | INFO | text_analyzer | CLI finalizado por el usuario
2026-03-14 19:48:06,584 | INFO | text_analyzer | GUI iniciada
2026-03-14 19:48:06,677 | INFO | text_analyzer | GUI iniciada
2026-03-14 19:48:06,688 | WARNING | text_analyzer | Intento de análisis de texto vacío
2026-03-14 19:48:06,839 | INFO | text_analyzer | GUI iniciada
2026-03-14 19:48:06,841 | WARNING | text_analyzer | Intento de análisis de palabra vacío
2026-03-14 19:48:06,920 | INFO | text_analyzer | GUI iniciada
2026-03-14 19:48:06,926 | INFO | text_analyzer | Archivo cargado: C:\Users\angel\AppData\Local\Temp\pytest-of-angel\pytest-32\test_cargar_archivo0\test.txt
2026-03-14 19:48:06,993 | INFO | text_analyzer | GUI iniciada
2026-03-14 19:48:06,998 | INFO | text_analyzer | Resultados exportados a: C:\Users\angel\AppData\Local\Temp\pytest-of-angel\pytest-32\test_exportar0\export.txt
2026-03-14 19:48:07,073 | INFO | text_analyzer | GUI iniciada
